<?xml version="1.0" encoding="UTF-8"?>
<testng-results ignored="0" total="1" passed="1" failed="0" skipped="0">
  <reporter-output>
  </reporter-output>
  <suite started-at="2026-02-04T10:05:38 IST" name="Surefire suite" finished-at="2026-02-04T10:05:38 IST" duration-ms="73">
    <groups>
    </groups>
    <test started-at="2026-02-04T10:05:38 IST" name="Surefire test" finished-at="2026-02-04T10:05:38 IST" duration-ms="73">
      <class name="mavenprojectharsh.TestCode">
        <test-method signature="login()[pri:0, instance:mavenprojectharsh.TestCode@37e547da]" started-at="2026-02-04T10:05:38 IST" name="login" finished-at="2026-02-04T10:05:38 IST" duration-ms="4" status="PASS">
          <reporter-output>
          </reporter-output>
        </test-method> <!-- login -->
      </class> <!-- mavenprojectharsh.TestCode -->
    </test> <!-- Surefire test -->
  </suite> <!-- Surefire suite -->
</testng-results>
