<?xml version="1.0" encoding="UTF-8"?>
<!-- Generated by org.testng.reporters.JUnitReportReporter -->
<testsuite hostname="10227-TZD-TRNG" failures="0" tests="3" name="cucumberOptions.TestRunner" time="86.020" errors="0" timestamp="2026-02-05T15:11:12 IST" skipped="0">
  <testcase classname="cucumberOptions.TestRunner" name="runScenario" time="27.210"/>
  <testcase classname="cucumberOptions.TestRunner" name="runScenario" time="28.838"/>
  <testcase classname="cucumberOptions.TestRunner" name="runScenario" time="29.972"/>
</testsuite> <!-- cucumberOptions.TestRunner -->
