<?xml version="1.0" encoding="UTF-8"?>
<!-- Generated by org.testng.reporters.JUnitReportReporter -->
<testsuite hostname="10227-TZD-TRNG" failures="0" tests="3" name="cucumberOptions.TestRunner" time="77.656" errors="0" timestamp="2026-02-05T11:51:05 IST" skipped="0">
  <testcase classname="cucumberOptions.TestRunner" name="runScenario" time="26.327"/>
  <testcase classname="cucumberOptions.TestRunner" name="runScenario" time="25.388"/>
  <testcase classname="cucumberOptions.TestRunner" name="runScenario" time="25.941"/>
</testsuite> <!-- cucumberOptions.TestRunner -->
